<?xml version="1.0" encoding="UTF-8" ?>
<testsuite failures="0" time="0.004" errors="0" skipped="0" tests="1" name="com.mycompany.app.AppTest">
  <properties>
    <property name="java.vendor" value="IBM Corporation"/>
    <property name="sun.java.launcher" value="SUN_STANDARD"/>
    <property name="os.name" value="Windows 7"/>
    <property name="sun.boot.class.path" value="C:\Users\IBM_ADMIN\D&amp;B WORK REFERENCE FILES\Paramesh Backup\Personal Backup\Java\Java Softwares\ibm-java-sdk-71-win-x86_64\sdk\jre\bin\compressedrefs\jclSC170\vm.jar;C:\Users\IBM_ADMIN\D&amp;B WORK REFERENCE FILES\Paramesh Backup\Personal Backup\Java\Java Softwares\ibm-java-sdk-71-win-x86_64\sdk\jre\lib\se-service.jar;C:\Users\IBM_ADMIN\D&amp;B WORK REFERENCE FILES\Paramesh Backup\Personal Backup\Java\Java Softwares\ibm-java-sdk-71-win-x86_64\sdk\jre\lib\math.jar;C:\Users\IBM_ADMIN\D&amp;B WORK REFERENCE FILES\Paramesh Backup\Personal Backup\Java\Java Softwares\ibm-java-sdk-71-win-x86_64\sdk\jre\lib\jlm.jar;C:\Users\IBM_ADMIN\D&amp;B WORK REFERENCE FILES\Paramesh Backup\Personal Backup\Java\Java Softwares\ibm-java-sdk-71-win-x86_64\sdk\jre\lib\ibmorb.jar;C:\Users\IBM_ADMIN\D&amp;B WORK REFERENCE FILES\Paramesh Backup\Personal Backup\Java\Java Softwares\ibm-java-sdk-71-win-x86_64\sdk\jre\lib\ibmorbapi.jar;C:\Users\IBM_ADMIN\D&amp;B WORK REFERENCE FILES\Paramesh Backup\Personal Backup\Java\Java Softwares\ibm-java-sdk-71-win-x86_64\sdk\jre\lib\ibmcfw.jar;C:\Users\IBM_ADMIN\D&amp;B WORK REFERENCE FILES\Paramesh Backup\Personal Backup\Java\Java Softwares\ibm-java-sdk-71-win-x86_64\sdk\jre\lib\ibmpkcs.jar;C:\Users\IBM_ADMIN\D&amp;B WORK REFERENCE FILES\Paramesh Backup\Personal Backup\Java\Java Softwares\ibm-java-sdk-71-win-x86_64\sdk\jre\lib\ibmcertpathfw.jar;C:\Users\IBM_ADMIN\D&amp;B WORK REFERENCE FILES\Paramesh Backup\Personal Backup\Java\Java Softwares\ibm-java-sdk-71-win-x86_64\sdk\jre\lib\ibmjgssfw.jar;C:\Users\IBM_ADMIN\D&amp;B WORK REFERENCE FILES\Paramesh Backup\Personal Backup\Java\Java Softwares\ibm-java-sdk-71-win-x86_64\sdk\jre\lib\ibmjssefw.jar;C:\Users\IBM_ADMIN\D&amp;B WORK REFERENCE FILES\Paramesh Backup\Personal Backup\Java\Java Softwares\ibm-java-sdk-71-win-x86_64\sdk\jre\lib\ibmsaslfw.jar;C:\Users\IBM_ADMIN\D&amp;B WORK REFERENCE FILES\Paramesh Backup\Personal Backup\Java\Java Softwares\ibm-java-sdk-71-win-x86_64\sdk\jre\lib\ibmjcefw.jar;C:\Users\IBM_ADMIN\D&amp;B WORK REFERENCE FILES\Paramesh Backup\Personal Backup\Java\Java Softwares\ibm-java-sdk-71-win-x86_64\sdk\jre\lib\ibmjgssprovider.jar;C:\Users\IBM_ADMIN\D&amp;B WORK REFERENCE FILES\Paramesh Backup\Personal Backup\Java\Java Softwares\ibm-java-sdk-71-win-x86_64\sdk\jre\lib\ibmjsseprovider2.jar;C:\Users\IBM_ADMIN\D&amp;B WORK REFERENCE FILES\Paramesh Backup\Personal Backup\Java\Java Softwares\ibm-java-sdk-71-win-x86_64\sdk\jre\lib\ibmcertpathprovider.jar;C:\Users\IBM_ADMIN\D&amp;B WORK REFERENCE FILES\Paramesh Backup\Personal Backup\Java\Java Softwares\ibm-java-sdk-71-win-x86_64\sdk\jre\lib\xmldsigfw.jar;C:\Users\IBM_ADMIN\D&amp;B WORK REFERENCE FILES\Paramesh Backup\Personal Backup\Java\Java Softwares\ibm-java-sdk-71-win-x86_64\sdk\jre\lib\xml.jar;C:\Users\IBM_ADMIN\D&amp;B WORK REFERENCE FILES\Paramesh Backup\Personal Backup\Java\Java Softwares\ibm-java-sdk-71-win-x86_64\sdk\jre\lib\charsets.jar;C:\Users\IBM_ADMIN\D&amp;B WORK REFERENCE FILES\Paramesh Backup\Personal Backup\Java\Java Softwares\ibm-java-sdk-71-win-x86_64\sdk\jre\lib\resources.jar;C:\Users\IBM_ADMIN\D&amp;B WORK REFERENCE FILES\Paramesh Backup\Personal Backup\Java\Java Softwares\ibm-java-sdk-71-win-x86_64\sdk\jre\lib\rt.jar;C:\Users\IBM_ADMIN\D&amp;B WORK REFERENCE FILES\Paramesh Backup\Personal Backup\Java\Java Softwares\ibm-java-sdk-71-win-x86_64\sdk\jre\lib\dataaccess.jar;C:\Users\IBM_ADMIN\D&amp;B WORK REFERENCE FILES\Paramesh Backup\Personal Backup\Java\Java Softwares\ibm-java-sdk-71-win-x86_64\sdk\jre\lib\ibmgpu.jar"/>
    <property name="sun.desktop" value="windows"/>
    <property name="java.vm.specification.vendor" value="Sun Microsystems Inc."/>
    <property name="java.runtime.version" value="pwa6470_27sr2fp10ifx-20150313_01 (SR2 FP10+IV70681)"/>
    <property name="user.name" value="nalla"/>
    <property name="java.compiler" value="j9jit27"/>
    <property name="os.encoding" value="UTF8"/>
    <property name="guice.disable.misplaced.annotation.check" value="true"/>
    <property name="com.ibm.util.extralibs.properties" value=""/>
    <property name="com.ibm.jcl.checkClassPath" value=""/>
    <property name="user.language" value="en"/>
    <property name="com.ibm.oti.vm.bootstrap.library.path" value="C:\Users\IBM_ADMIN\D&amp;B WORK REFERENCE FILES\Paramesh Backup\Personal Backup\Java\Java Softwares\ibm-java-sdk-71-win-x86_64\sdk\jre\bin\compressedrefs;C:\Users\IBM_ADMIN\D&amp;B WORK REFERENCE FILES\Paramesh Backup\Personal Backup\Java\Java Softwares\ibm-java-sdk-71-win-x86_64\sdk\jre\bin"/>
    <property name="sun.boot.library.path" value="C:\Users\IBM_ADMIN\D&amp;B WORK REFERENCE FILES\Paramesh Backup\Personal Backup\Java\Java Softwares\ibm-java-sdk-71-win-x86_64\sdk\jre\bin\compressedrefs;C:\Users\IBM_ADMIN\D&amp;B WORK REFERENCE FILES\Paramesh Backup\Personal Backup\Java\Java Softwares\ibm-java-sdk-71-win-x86_64\sdk\jre\bin"/>
    <property name="classworlds.conf" value="C:\Users\IBM_ADMIN\D&amp;B WORK REFERENCE FILES\Paramesh Backup\Personal Backup\Java\Java Softwares\apache-maven-3.3.9-bin\bin\m2.conf"/>
    <property name="java.version" value="1.7.0"/>
    <property name="user.timezone" value="America/New_York"/>
    <property name="com.ibm.system.agent.path" value="C:\Users\IBM_ADMIN\D&amp;B WORK REFERENCE FILES\Paramesh Backup\Personal Backup\Java\Java Softwares\ibm-java-sdk-71-win-x86_64\sdk\jre\bin"/>
    <property name="sun.arch.data.model" value="64"/>
    <property name="com.ibm.zero.version" value="2"/>
    <property name="java.endorsed.dirs" value="C:\Users\IBM_ADMIN\D&amp;B WORK REFERENCE FILES\Paramesh Backup\Personal Backup\Java\Java Softwares\ibm-java-sdk-71-win-x86_64\sdk\jre\lib\endorsed"/>
    <property name="com.ibm.oti.vm.library.version" value="27"/>
    <property name="sun.jnu.encoding" value="Cp1252"/>
    <property name="file.encoding.pkg" value="sun.io"/>
    <property name="file.separator" value="\"/>
    <property name="java.specification.name" value="Java Platform API Specification"/>
    <property name="com.ibm.packed.version" value="2"/>
    <property name="java.class.version" value="51.0"/>
    <property name="user.country" value="US"/>
    <property name="java.home" value="C:\Users\IBM_ADMIN\D&amp;B WORK REFERENCE FILES\Paramesh Backup\Personal Backup\Java\Java Softwares\ibm-java-sdk-71-win-x86_64\sdk\jre"/>
    <property name="java.vm.info" value="JRE 1.7.0 Windows 7 amd64-64 Compressed References 20141215_227395 (JIT enabled, AOT enabled)
J9VM - R27_Java727_SR2_20141215_1631_B227395
JIT  - tr.r13.java_20141003_74587.07
GC   - R27_Java727_SR2_20141215_1631_B227395_CMPRSS
J9CL - 20141215_227395"/>
    <property name="os.version" value="6.1"/>
    <property name="path.separator" value=";"/>
    <property name="java.vm.version" value="2.7"/>
    <property name="user.variant" value=""/>
    <property name="console.encoding" value="Cp437"/>
    <property name="java.awt.printerjob" value="sun.awt.windows.WPrinterJob"/>
    <property name="sun.io.unicode.encoding" value="UnicodeLittle"/>
    <property name="awt.toolkit" value="sun.awt.windows.WToolkit"/>
    <property name="ibm.signalhandling.sigint" value="true"/>
    <property name="user.home" value="C:\Users\IBM_ADMIN"/>
    <property name="com.ibm.cpu.endian" value="little"/>
    <property name="java.specification.vendor" value="Sun Microsystems Inc."/>
    <property name="ibm.signalhandling.sigchain" value="true"/>
    <property name="java.library.path" value="C:\Users\IBM_ADMIN\D&amp;B WORK REFERENCE FILES\Paramesh Backup\Personal Backup\Java\Java Softwares\ibm-java-sdk-71-win-x86_64\sdk\jre\bin\compressedrefs;C:\Users\IBM_ADMIN\D&amp;B WORK REFERENCE FILES\Paramesh Backup\Personal Backup\Java\Java Softwares\ibm-java-sdk-71-win-x86_64\sdk\jre\bin;C:\windows\system32;C:\windows;C:\Program Files\Java\sdk\bin;C:\Program Files\Java\sdk\bin;C:\Program Files (x86)\RSA SecurID Token Common;C:\windows\system32;C:\windows;C:\windows\System32\Wbem;C:\windows\System32\WindowsPowerShell\v1.0\;C:\Program Files\ThinkPad\Bluetooth Software\;C:\Program Files\ThinkPad\Bluetooth Software\syswow64;C:\Program Files\Intel\WiFi\bin\;C:\Program Files\Common Files\Intel\WirelessCommon\;C:\Program Files (x86)\Common Files\Roxio Shared\DLLShared\;C:\Program Files (x86)\Common Files\Roxio Shared\DLLShared\;C:\Program Files (x86)\Common Files\Roxio Shared\13.0\DLLShared\;C:\Program Files (x86)\IBM\Personal Communications\;C:\Program Files (x86)\IBM\Trace Facility\;C:\Users\IBM_ADMIN\imp files\Java\Grails\grails-2.3.8\bin;C:\Program Files\Java\jdk1.7.0_25\bin;C:\Users\IBM_ADMIN\imp files\Java\DNB Request\lib;C:\Program Files\Java\jdk1.8.0_11\bin;C:\Program Files (x86)\MySQL\MySql New\bin;C:\Program Files\Java\jdk1.7.0_71\bin;C:\Program Files\Java\jdk1.8.0_25\bin;C:\Program Files (x86)\MyDataBase\bin;C:\Program Files\IBM\Java80\bin;C:\Program Files (x86)\scala\bin;C:\Program Files (x86)\git\cmd;C:\MyPlay\Source;C:\Program Files (x86)\Skype\Phone\;C:\rao\apache-maven-3.3.9\bin\;C:\Anaconda2;C:\Anaconda2\Scripts;C:\Anaconda2\Library\bin;C:\Program Files\Git\cmd;;C:\Program Files (x86)\sbt\\bin;C:\Program Files (x86)\MySQL\MySQL Server 5.1\bin;C:\Program Files (x86)\IBM\Mobility Client\;C:\psExec;C:\Users\IBM_ADMIN\D&amp;B WORK REFERENCE FILES\Paramesh Backup\Personal Backup\Java\Java Softwares\apache-maven-3.3.9-bin\bin;C:\Users\IBM_ADMIN\AppData\Roaming\local\bin;C:\Users\IBM_ADMIN\Anaconda2;C:\Users\IBM_ADMIN\Anaconda2\Scripts;C:\Users\IBM_ADMIN\Anaconda2\Library\bin;C:\Program Files\Intel\WiFi\bin\;C:\Program Files\Common Files\Intel\WirelessCommon\;C:\Users\IBM_ADMIN\AppData\Local\Enthought\Canopy32\User;C:\Users\IBM_ADMIN\AppData\Local\Enthought\Canopy32\User\Scripts"/>
    <property name="java.vendor.url" value="http://www.ibm.com/"/>
    <property name="java.vm.vendor" value="IBM Corporation"/>
    <property name="java.fullversion" value="JRE 1.7.0 IBM J9 2.7 Windows 7 amd64-64 Compressed References 20141215_227395 (JIT enabled, AOT enabled)
J9VM - R27_Java727_SR2_20141215_1631_B227395
JIT  - tr.r13.java_20141003_74587.07
GC   - R27_Java727_SR2_20141215_1631_B227395_CMPRSS
J9CL - 20141215_227395"/>
    <property name="maven.home" value="C:\Users\IBM_ADMIN\D&amp;B WORK REFERENCE FILES\Paramesh Backup\Personal Backup\Java\Java Softwares\apache-maven-3.3.9-bin"/>
    <property name="java.runtime.name" value="Java(TM) SE Runtime Environment"/>
    <property name="sun.java.command" value="org.codehaus.plexus.classworlds.launcher.Launcher package"/>
    <property name="java.class.path" value="C:\Users\IBM_ADMIN\D&amp;B WORK REFERENCE FILES\Paramesh Backup\Personal Backup\Java\Java Softwares\apache-maven-3.3.9-bin\boot\plexus-classworlds-2.5.2.jar"/>
    <property name="java.vm.specification.name" value="Java Virtual Machine Specification"/>
    <property name="java.vm.specification.version" value="1.0"/>
    <property name="sun.cpu.endian" value="little"/>
    <property name="java.io.tmpdir" value="C:\Users\IBM_AD~1\AppData\Local\Temp\"/>
    <property name="maven.multiModuleProjectDirectory" value="C:\MavenProjects\my-app"/>
    <property name="ibm.system.encoding" value="Cp1252"/>
    <property name="os.arch" value="amd64"/>
    <property name="java.awt.graphicsenv" value="sun.awt.Win32GraphicsEnvironment"/>
    <property name="ibm.signalhandling.rs" value="false"/>
    <property name="java.ext.dirs" value="C:\Users\IBM_ADMIN\D&amp;B WORK REFERENCE FILES\Paramesh Backup\Personal Backup\Java\Java Softwares\ibm-java-sdk-71-win-x86_64\sdk\jre\lib\ext"/>
    <property name="user.dir" value="C:\MavenProjects\my-app"/>
    <property name="line.separator" value="
"/>
    <property name="java.vm.name" value="IBM J9 VM"/>
    <property name="com.ibm.oti.shared.enabled" value="false"/>
    <property name="com.ibm.vm.bitmode" value="64"/>
    <property name="file.encoding" value="Cp1252"/>
    <property name="com.ibm.oti.configuration" value="scar"/>
    <property name="java.specification.version" value="1.7"/>
    <property name="com.ibm.oti.jcl.build" value="20141215_227395"/>
  </properties>
  <testcase time="0.004" classname="com.mycompany.app.AppTest" name="testApp"/>
</testsuite>